DEBUG - 2025-07-19 09:36:16 --> Session: Class initialized using 'CodeIgniter\Session\Handlers\FileHandler' driver.
DEBUG - 2025-07-19 09:36:19 --> Session: Class initialized using 'CodeIgniter\Session\Handlers\FileHandler' driver.
DEBUG - 2025-07-19 09:36:19 --> Session: Class initialized using 'CodeIgniter\Session\Handlers\FileHandler' driver.
DEBUG - 2025-07-19 09:36:20 --> Session: Class initialized using 'CodeIgniter\Session\Handlers\FileHandler' driver.
ERROR - 2025-07-19 09:36:32 --> mysqli_sql_exception: Unknown column 'kategori' in 'field list' in C:\xampp\htdocs\lab11_c1\ci4\system\Database\MySQLi\Connection.php:327
Stack trace:
#0 C:\xampp\htdocs\lab11_c1\ci4\system\Database\MySQLi\Connection.php(327): mysqli->query('SELECT DISTINCT...', 0)
#1 C:\xampp\htdocs\lab11_c1\ci4\system\Database\BaseConnection.php(738): CodeIgniter\Database\MySQLi\Connection->execute('SELECT DISTINCT...')
#2 C:\xampp\htdocs\lab11_c1\ci4\system\Database\BaseConnection.php(652): CodeIgniter\Database\BaseConnection->simpleQuery('SELECT DISTINCT...')
#3 C:\xampp\htdocs\lab11_c1\ci4\system\Database\BaseBuilder.php(1649): CodeIgniter\Database\BaseConnection->query('SELECT DISTINCT...', Array, false)
#4 C:\xampp\htdocs\lab11_c1\ci4\system\Model.php(286): CodeIgniter\Database\BaseBuilder->get()
#5 C:\xampp\htdocs\lab11_c1\ci4\system\BaseModel.php(675): CodeIgniter\Model->doFindAll(0, 0)
#6 C:\xampp\htdocs\lab11_c1\ci4\app\Cells\KategoriDropdown.php(15): CodeIgniter\BaseModel->findAll()
#7 C:\xampp\htdocs\lab11_c1\ci4\system\View\Cell.php(283): App\Cells\KategoriDropdown->render()
#8 C:\xampp\htdocs\lab11_c1\ci4\system\View\Cell.php(104): CodeIgniter\View\Cell->renderSimpleClass(Object(App\Cells\KategoriDropdown), 'render', Array, 'App\\Cells\\Kateg...')
#9 C:\xampp\htdocs\lab11_c1\ci4\system\Common.php(1189): CodeIgniter\View\Cell->render('App\\Cells\\Kateg...', Array, 0, 'AppCellsKategor...')
#10 C:\xampp\htdocs\lab11_c1\ci4\app\Views\layout\main.php(26): view_cell('App\\Cells\\Kateg...')
#11 C:\xampp\htdocs\lab11_c1\ci4\system\View\View.php(224): include('C:\\xampp\\htdocs...')
#12 C:\xampp\htdocs\lab11_c1\ci4\system\View\View.php(227): CodeIgniter\View\View->CodeIgniter\View\{closure}()
#13 C:\xampp\htdocs\lab11_c1\ci4\system\View\View.php(240): CodeIgniter\View\View->render('layout/main', Array, true)
#14 C:\xampp\htdocs\lab11_c1\ci4\system\Common.php(1173): CodeIgniter\View\View->render('home', Array, true)
#15 C:\xampp\htdocs\lab11_c1\ci4\app\Controllers\Home.php(9): view('home')
#16 C:\xampp\htdocs\lab11_c1\ci4\system\CodeIgniter.php(933): App\Controllers\Home->index()
#17 C:\xampp\htdocs\lab11_c1\ci4\system\CodeIgniter.php(507): CodeIgniter\CodeIgniter->runController(Object(App\Controllers\Home))
#18 C:\xampp\htdocs\lab11_c1\ci4\system\CodeIgniter.php(354): CodeIgniter\CodeIgniter->handleRequest(NULL, Object(Config\Cache), false)
#19 C:\xampp\htdocs\lab11_c1\ci4\system\Boot.php(334): CodeIgniter\CodeIgniter->run()
#20 C:\xampp\htdocs\lab11_c1\ci4\system\Boot.php(67): CodeIgniter\Boot::runCodeIgniter(Object(CodeIgniter\CodeIgniter))
#21 C:\xampp\htdocs\lab11_c1\ci4\public\index.php(56): CodeIgniter\Boot::bootWeb(Object(Config\Paths))
#22 C:\xampp\htdocs\lab11_c1\ci4\system\rewrite.php(44): require_once('C:\\xampp\\htdocs...')
#23 {main}
CRITICAL - 2025-07-19 09:36:32 --> CodeIgniter\Database\Exceptions\DatabaseException: Unknown column 'kategori' in 'field list'
[Method: GET, Route: /]
in SYSTEMPATH\Database\BaseConnection.php on line 692.
 1 SYSTEMPATH\Database\BaseBuilder.php(1649): CodeIgniter\Database\BaseConnection->query('SELECT DISTINCT `kategori`
FROM `artikel`
WHERE kategori IS NOT NULL', [], false)
 2 SYSTEMPATH\Model.php(286): CodeIgniter\Database\BaseBuilder->get()
 3 SYSTEMPATH\BaseModel.php(675): CodeIgniter\Model->doFindAll(0, 0)
 4 APPPATH\Cells\KategoriDropdown.php(15): CodeIgniter\BaseModel->findAll()
 5 SYSTEMPATH\View\Cell.php(283): App\Cells\KategoriDropdown->render()
 6 SYSTEMPATH\View\Cell.php(104): CodeIgniter\View\Cell->renderSimpleClass(Object(App\Cells\KategoriDropdown), 'render', [], 'App\\Cells\\KategoriDropdown')
 7 SYSTEMPATH\Common.php(1189): CodeIgniter\View\Cell->render('App\\Cells\\KategoriDropdown::render', [], 0, 'AppCellsKategoriDropdownrender40cd750bba9870f18aada2478b24840a')
 8 APPPATH\Views\layout\main.php(26): view_cell('App\\Cells\\KategoriDropdown::render')
 9 SYSTEMPATH\View\View.php(224): include('C:\\xampp\\htdocs\\lab11_c1\\ci4\\app\\Views\\layout\\main.php')
10 SYSTEMPATH\View\View.php(227): CodeIgniter\View\View->CodeIgniter\View\{closure}()
11 SYSTEMPATH\View\View.php(240): CodeIgniter\View\View->render('layout/main', [], true)
12 SYSTEMPATH\Common.php(1173): CodeIgniter\View\View->render('home', [], true)
13 APPPATH\Controllers\Home.php(9): view('home')
14 SYSTEMPATH\CodeIgniter.php(933): App\Controllers\Home->index()
15 SYSTEMPATH\CodeIgniter.php(507): CodeIgniter\CodeIgniter->runController(Object(App\Controllers\Home))
16 SYSTEMPATH\CodeIgniter.php(354): CodeIgniter\CodeIgniter->handleRequest(null, Object(Config\Cache), false)
17 SYSTEMPATH\Boot.php(334): CodeIgniter\CodeIgniter->run()
18 SYSTEMPATH\Boot.php(67): CodeIgniter\Boot::runCodeIgniter(Object(CodeIgniter\CodeIgniter))
19 FCPATH\index.php(56): CodeIgniter\Boot::bootWeb(Object(Config\Paths))
20 SYSTEMPATH\rewrite.php(44): require_once('C:\\xampp\\htdocs\\lab11_c1\\ci4\\public\\index.php')
CRITICAL - 2025-07-19 09:36:32 --> [Caused by] CodeIgniter\Database\Exceptions\DatabaseException: Unknown column 'kategori' in 'field list'
in SYSTEMPATH\Database\MySQLi\Connection.php on line 332.
 1 SYSTEMPATH\Database\BaseConnection.php(738): CodeIgniter\Database\MySQLi\Connection->execute('SELECT DISTINCT `kategori`
FROM `artikel`
WHERE kategori IS NOT NULL')
 2 SYSTEMPATH\Database\BaseConnection.php(652): CodeIgniter\Database\BaseConnection->simpleQuery('SELECT DISTINCT `kategori`
FROM `artikel`
WHERE kategori IS NOT NULL')
 3 SYSTEMPATH\Database\BaseBuilder.php(1649): CodeIgniter\Database\BaseConnection->query('SELECT DISTINCT `kategori`
FROM `artikel`
WHERE kategori IS NOT NULL', [], false)
 4 SYSTEMPATH\Model.php(286): CodeIgniter\Database\BaseBuilder->get()
 5 SYSTEMPATH\BaseModel.php(675): CodeIgniter\Model->doFindAll(0, 0)
 6 APPPATH\Cells\KategoriDropdown.php(15): CodeIgniter\BaseModel->findAll()
 7 SYSTEMPATH\View\Cell.php(283): App\Cells\KategoriDropdown->render()
 8 SYSTEMPATH\View\Cell.php(104): CodeIgniter\View\Cell->renderSimpleClass(Object(App\Cells\KategoriDropdown), 'render', [], 'App\\Cells\\KategoriDropdown')
 9 SYSTEMPATH\Common.php(1189): CodeIgniter\View\Cell->render('App\\Cells\\KategoriDropdown::render', [], 0, 'AppCellsKategoriDropdownrender40cd750bba9870f18aada2478b24840a')
10 APPPATH\Views\layout\main.php(26): view_cell('App\\Cells\\KategoriDropdown::render')
11 SYSTEMPATH\View\View.php(224): include('C:\\xampp\\htdocs\\lab11_c1\\ci4\\app\\Views\\layout\\main.php')
12 SYSTEMPATH\View\View.php(227): CodeIgniter\View\View->CodeIgniter\View\{closure}()
13 SYSTEMPATH\View\View.php(240): CodeIgniter\View\View->render('layout/main', [], true)
14 SYSTEMPATH\Common.php(1173): CodeIgniter\View\View->render('home', [], true)
15 APPPATH\Controllers\Home.php(9): view('home')
16 SYSTEMPATH\CodeIgniter.php(933): App\Controllers\Home->index()
17 SYSTEMPATH\CodeIgniter.php(507): CodeIgniter\CodeIgniter->runController(Object(App\Controllers\Home))
18 SYSTEMPATH\CodeIgniter.php(354): CodeIgniter\CodeIgniter->handleRequest(null, Object(Config\Cache), false)
19 SYSTEMPATH\Boot.php(334): CodeIgniter\CodeIgniter->run()
20 SYSTEMPATH\Boot.php(67): CodeIgniter\Boot::runCodeIgniter(Object(CodeIgniter\CodeIgniter))
21 FCPATH\index.php(56): CodeIgniter\Boot::bootWeb(Object(Config\Paths))
22 SYSTEMPATH\rewrite.php(44): require_once('C:\\xampp\\htdocs\\lab11_c1\\ci4\\public\\index.php')
CRITICAL - 2025-07-19 09:36:32 --> [Caused by] mysqli_sql_exception: Unknown column 'kategori' in 'field list'
in SYSTEMPATH\Database\MySQLi\Connection.php on line 327.
 1 SYSTEMPATH\Database\MySQLi\Connection.php(327): mysqli->query('SELECT DISTINCT `kategori`
FROM `artikel`
WHERE kategori IS NOT NULL', 0)
 2 SYSTEMPATH\Database\BaseConnection.php(738): CodeIgniter\Database\MySQLi\Connection->execute('SELECT DISTINCT `kategori`
FROM `artikel`
WHERE kategori IS NOT NULL')
 3 SYSTEMPATH\Database\BaseConnection.php(652): CodeIgniter\Database\BaseConnection->simpleQuery('SELECT DISTINCT `kategori`
FROM `artikel`
WHERE kategori IS NOT NULL')
 4 SYSTEMPATH\Database\BaseBuilder.php(1649): CodeIgniter\Database\BaseConnection->query('SELECT DISTINCT `kategori`
FROM `artikel`
WHERE kategori IS NOT NULL', [], false)
 5 SYSTEMPATH\Model.php(286): CodeIgniter\Database\BaseBuilder->get()
 6 SYSTEMPATH\BaseModel.php(675): CodeIgniter\Model->doFindAll(0, 0)
 7 APPPATH\Cells\KategoriDropdown.php(15): CodeIgniter\BaseModel->findAll()
 8 SYSTEMPATH\View\Cell.php(283): App\Cells\KategoriDropdown->render()
 9 SYSTEMPATH\View\Cell.php(104): CodeIgniter\View\Cell->renderSimpleClass(Object(App\Cells\KategoriDropdown), 'render', [], 'App\\Cells\\KategoriDropdown')
10 SYSTEMPATH\Common.php(1189): CodeIgniter\View\Cell->render('App\\Cells\\KategoriDropdown::render', [], 0, 'AppCellsKategoriDropdownrender40cd750bba9870f18aada2478b24840a')
11 APPPATH\Views\layout\main.php(26): view_cell('App\\Cells\\KategoriDropdown::render')
12 SYSTEMPATH\View\View.php(224): include('C:\\xampp\\htdocs\\lab11_c1\\ci4\\app\\Views\\layout\\main.php')
13 SYSTEMPATH\View\View.php(227): CodeIgniter\View\View->CodeIgniter\View\{closure}()
14 SYSTEMPATH\View\View.php(240): CodeIgniter\View\View->render('layout/main', [], true)
15 SYSTEMPATH\Common.php(1173): CodeIgniter\View\View->render('home', [], true)
16 APPPATH\Controllers\Home.php(9): view('home')
17 SYSTEMPATH\CodeIgniter.php(933): App\Controllers\Home->index()
18 SYSTEMPATH\CodeIgniter.php(507): CodeIgniter\CodeIgniter->runController(Object(App\Controllers\Home))
19 SYSTEMPATH\CodeIgniter.php(354): CodeIgniter\CodeIgniter->handleRequest(null, Object(Config\Cache), false)
20 SYSTEMPATH\Boot.php(334): CodeIgniter\CodeIgniter->run()
21 SYSTEMPATH\Boot.php(67): CodeIgniter\Boot::runCodeIgniter(Object(CodeIgniter\CodeIgniter))
22 FCPATH\index.php(56): CodeIgniter\Boot::bootWeb(Object(Config\Paths))
23 SYSTEMPATH\rewrite.php(44): require_once('C:\\xampp\\htdocs\\lab11_c1\\ci4\\public\\index.php')
ERROR - 2025-07-19 09:38:44 --> mysqli_sql_exception: Unknown column 'kategori' in 'field list' in C:\xampp\htdocs\lab11_c1\ci4\system\Database\MySQLi\Connection.php:327
Stack trace:
#0 C:\xampp\htdocs\lab11_c1\ci4\system\Database\MySQLi\Connection.php(327): mysqli->query('SELECT DISTINCT...', 0)
#1 C:\xampp\htdocs\lab11_c1\ci4\system\Database\BaseConnection.php(738): CodeIgniter\Database\MySQLi\Connection->execute('SELECT DISTINCT...')
#2 C:\xampp\htdocs\lab11_c1\ci4\system\Database\BaseConnection.php(652): CodeIgniter\Database\BaseConnection->simpleQuery('SELECT DISTINCT...')
#3 C:\xampp\htdocs\lab11_c1\ci4\system\Database\BaseBuilder.php(1649): CodeIgniter\Database\BaseConnection->query('SELECT DISTINCT...', Array, false)
#4 C:\xampp\htdocs\lab11_c1\ci4\system\Model.php(286): CodeIgniter\Database\BaseBuilder->get()
#5 C:\xampp\htdocs\lab11_c1\ci4\system\BaseModel.php(675): CodeIgniter\Model->doFindAll(0, 0)
#6 C:\xampp\htdocs\lab11_c1\ci4\app\Cells\KategoriDropdown.php(15): CodeIgniter\BaseModel->findAll()
#7 C:\xampp\htdocs\lab11_c1\ci4\system\View\Cell.php(283): App\Cells\KategoriDropdown->render()
#8 C:\xampp\htdocs\lab11_c1\ci4\system\View\Cell.php(104): CodeIgniter\View\Cell->renderSimpleClass(Object(App\Cells\KategoriDropdown), 'render', Array, 'App\\Cells\\Kateg...')
#9 C:\xampp\htdocs\lab11_c1\ci4\system\Common.php(1189): CodeIgniter\View\Cell->render('App\\Cells\\Kateg...', Array, 0, 'AppCellsKategor...')
#10 C:\xampp\htdocs\lab11_c1\ci4\app\Views\layout\main.php(26): view_cell('App\\Cells\\Kateg...')
#11 C:\xampp\htdocs\lab11_c1\ci4\system\View\View.php(224): include('C:\\xampp\\htdocs...')
#12 C:\xampp\htdocs\lab11_c1\ci4\system\View\View.php(227): CodeIgniter\View\View->CodeIgniter\View\{closure}()
#13 C:\xampp\htdocs\lab11_c1\ci4\system\View\View.php(240): CodeIgniter\View\View->render('layout/main', Array, true)
#14 C:\xampp\htdocs\lab11_c1\ci4\system\Common.php(1173): CodeIgniter\View\View->render('home', Array, true)
#15 C:\xampp\htdocs\lab11_c1\ci4\app\Controllers\Home.php(9): view('home')
#16 C:\xampp\htdocs\lab11_c1\ci4\system\CodeIgniter.php(933): App\Controllers\Home->index()
#17 C:\xampp\htdocs\lab11_c1\ci4\system\CodeIgniter.php(507): CodeIgniter\CodeIgniter->runController(Object(App\Controllers\Home))
#18 C:\xampp\htdocs\lab11_c1\ci4\system\CodeIgniter.php(354): CodeIgniter\CodeIgniter->handleRequest(NULL, Object(Config\Cache), false)
#19 C:\xampp\htdocs\lab11_c1\ci4\system\Boot.php(334): CodeIgniter\CodeIgniter->run()
#20 C:\xampp\htdocs\lab11_c1\ci4\system\Boot.php(67): CodeIgniter\Boot::runCodeIgniter(Object(CodeIgniter\CodeIgniter))
#21 C:\xampp\htdocs\lab11_c1\ci4\public\index.php(56): CodeIgniter\Boot::bootWeb(Object(Config\Paths))
#22 C:\xampp\htdocs\lab11_c1\ci4\system\rewrite.php(44): require_once('C:\\xampp\\htdocs...')
#23 {main}
CRITICAL - 2025-07-19 09:38:44 --> CodeIgniter\Database\Exceptions\DatabaseException: Unknown column 'kategori' in 'field list'
[Method: GET, Route: /]
in SYSTEMPATH\Database\BaseConnection.php on line 692.
 1 SYSTEMPATH\Database\BaseBuilder.php(1649): CodeIgniter\Database\BaseConnection->query('SELECT DISTINCT `kategori`
FROM `artikel`
WHERE kategori IS NOT NULL', [], false)
 2 SYSTEMPATH\Model.php(286): CodeIgniter\Database\BaseBuilder->get()
 3 SYSTEMPATH\BaseModel.php(675): CodeIgniter\Model->doFindAll(0, 0)
 4 APPPATH\Cells\KategoriDropdown.php(15): CodeIgniter\BaseModel->findAll()
 5 SYSTEMPATH\View\Cell.php(283): App\Cells\KategoriDropdown->render()
 6 SYSTEMPATH\View\Cell.php(104): CodeIgniter\View\Cell->renderSimpleClass(Object(App\Cells\KategoriDropdown), 'render', [], 'App\\Cells\\KategoriDropdown')
 7 SYSTEMPATH\Common.php(1189): CodeIgniter\View\Cell->render('App\\Cells\\KategoriDropdown::render', [], 0, 'AppCellsKategoriDropdownrender40cd750bba9870f18aada2478b24840a')
 8 APPPATH\Views\layout\main.php(26): view_cell('App\\Cells\\KategoriDropdown::render')
 9 SYSTEMPATH\View\View.php(224): include('C:\\xampp\\htdocs\\lab11_c1\\ci4\\app\\Views\\layout\\main.php')
10 SYSTEMPATH\View\View.php(227): CodeIgniter\View\View->CodeIgniter\View\{closure}()
11 SYSTEMPATH\View\View.php(240): CodeIgniter\View\View->render('layout/main', [], true)
12 SYSTEMPATH\Common.php(1173): CodeIgniter\View\View->render('home', [], true)
13 APPPATH\Controllers\Home.php(9): view('home')
14 SYSTEMPATH\CodeIgniter.php(933): App\Controllers\Home->index()
15 SYSTEMPATH\CodeIgniter.php(507): CodeIgniter\CodeIgniter->runController(Object(App\Controllers\Home))
16 SYSTEMPATH\CodeIgniter.php(354): CodeIgniter\CodeIgniter->handleRequest(null, Object(Config\Cache), false)
17 SYSTEMPATH\Boot.php(334): CodeIgniter\CodeIgniter->run()
18 SYSTEMPATH\Boot.php(67): CodeIgniter\Boot::runCodeIgniter(Object(CodeIgniter\CodeIgniter))
19 FCPATH\index.php(56): CodeIgniter\Boot::bootWeb(Object(Config\Paths))
20 SYSTEMPATH\rewrite.php(44): require_once('C:\\xampp\\htdocs\\lab11_c1\\ci4\\public\\index.php')
CRITICAL - 2025-07-19 09:38:44 --> [Caused by] CodeIgniter\Database\Exceptions\DatabaseException: Unknown column 'kategori' in 'field list'
in SYSTEMPATH\Database\MySQLi\Connection.php on line 332.
 1 SYSTEMPATH\Database\BaseConnection.php(738): CodeIgniter\Database\MySQLi\Connection->execute('SELECT DISTINCT `kategori`
FROM `artikel`
WHERE kategori IS NOT NULL')
 2 SYSTEMPATH\Database\BaseConnection.php(652): CodeIgniter\Database\BaseConnection->simpleQuery('SELECT DISTINCT `kategori`
FROM `artikel`
WHERE kategori IS NOT NULL')
 3 SYSTEMPATH\Database\BaseBuilder.php(1649): CodeIgniter\Database\BaseConnection->query('SELECT DISTINCT `kategori`
FROM `artikel`
WHERE kategori IS NOT NULL', [], false)
 4 SYSTEMPATH\Model.php(286): CodeIgniter\Database\BaseBuilder->get()
 5 SYSTEMPATH\BaseModel.php(675): CodeIgniter\Model->doFindAll(0, 0)
 6 APPPATH\Cells\KategoriDropdown.php(15): CodeIgniter\BaseModel->findAll()
 7 SYSTEMPATH\View\Cell.php(283): App\Cells\KategoriDropdown->render()
 8 SYSTEMPATH\View\Cell.php(104): CodeIgniter\View\Cell->renderSimpleClass(Object(App\Cells\KategoriDropdown), 'render', [], 'App\\Cells\\KategoriDropdown')
 9 SYSTEMPATH\Common.php(1189): CodeIgniter\View\Cell->render('App\\Cells\\KategoriDropdown::render', [], 0, 'AppCellsKategoriDropdownrender40cd750bba9870f18aada2478b24840a')
10 APPPATH\Views\layout\main.php(26): view_cell('App\\Cells\\KategoriDropdown::render')
11 SYSTEMPATH\View\View.php(224): include('C:\\xampp\\htdocs\\lab11_c1\\ci4\\app\\Views\\layout\\main.php')
12 SYSTEMPATH\View\View.php(227): CodeIgniter\View\View->CodeIgniter\View\{closure}()
13 SYSTEMPATH\View\View.php(240): CodeIgniter\View\View->render('layout/main', [], true)
14 SYSTEMPATH\Common.php(1173): CodeIgniter\View\View->render('home', [], true)
15 APPPATH\Controllers\Home.php(9): view('home')
16 SYSTEMPATH\CodeIgniter.php(933): App\Controllers\Home->index()
17 SYSTEMPATH\CodeIgniter.php(507): CodeIgniter\CodeIgniter->runController(Object(App\Controllers\Home))
18 SYSTEMPATH\CodeIgniter.php(354): CodeIgniter\CodeIgniter->handleRequest(null, Object(Config\Cache), false)
19 SYSTEMPATH\Boot.php(334): CodeIgniter\CodeIgniter->run()
20 SYSTEMPATH\Boot.php(67): CodeIgniter\Boot::runCodeIgniter(Object(CodeIgniter\CodeIgniter))
21 FCPATH\index.php(56): CodeIgniter\Boot::bootWeb(Object(Config\Paths))
22 SYSTEMPATH\rewrite.php(44): require_once('C:\\xampp\\htdocs\\lab11_c1\\ci4\\public\\index.php')
CRITICAL - 2025-07-19 09:38:44 --> [Caused by] mysqli_sql_exception: Unknown column 'kategori' in 'field list'
in SYSTEMPATH\Database\MySQLi\Connection.php on line 327.
 1 SYSTEMPATH\Database\MySQLi\Connection.php(327): mysqli->query('SELECT DISTINCT `kategori`
FROM `artikel`
WHERE kategori IS NOT NULL', 0)
 2 SYSTEMPATH\Database\BaseConnection.php(738): CodeIgniter\Database\MySQLi\Connection->execute('SELECT DISTINCT `kategori`
FROM `artikel`
WHERE kategori IS NOT NULL')
 3 SYSTEMPATH\Database\BaseConnection.php(652): CodeIgniter\Database\BaseConnection->simpleQuery('SELECT DISTINCT `kategori`
FROM `artikel`
WHERE kategori IS NOT NULL')
 4 SYSTEMPATH\Database\BaseBuilder.php(1649): CodeIgniter\Database\BaseConnection->query('SELECT DISTINCT `kategori`
FROM `artikel`
WHERE kategori IS NOT NULL', [], false)
 5 SYSTEMPATH\Model.php(286): CodeIgniter\Database\BaseBuilder->get()
 6 SYSTEMPATH\BaseModel.php(675): CodeIgniter\Model->doFindAll(0, 0)
 7 APPPATH\Cells\KategoriDropdown.php(15): CodeIgniter\BaseModel->findAll()
 8 SYSTEMPATH\View\Cell.php(283): App\Cells\KategoriDropdown->render()
 9 SYSTEMPATH\View\Cell.php(104): CodeIgniter\View\Cell->renderSimpleClass(Object(App\Cells\KategoriDropdown), 'render', [], 'App\\Cells\\KategoriDropdown')
10 SYSTEMPATH\Common.php(1189): CodeIgniter\View\Cell->render('App\\Cells\\KategoriDropdown::render', [], 0, 'AppCellsKategoriDropdownrender40cd750bba9870f18aada2478b24840a')
11 APPPATH\Views\layout\main.php(26): view_cell('App\\Cells\\KategoriDropdown::render')
12 SYSTEMPATH\View\View.php(224): include('C:\\xampp\\htdocs\\lab11_c1\\ci4\\app\\Views\\layout\\main.php')
13 SYSTEMPATH\View\View.php(227): CodeIgniter\View\View->CodeIgniter\View\{closure}()
14 SYSTEMPATH\View\View.php(240): CodeIgniter\View\View->render('layout/main', [], true)
15 SYSTEMPATH\Common.php(1173): CodeIgniter\View\View->render('home', [], true)
16 APPPATH\Controllers\Home.php(9): view('home')
17 SYSTEMPATH\CodeIgniter.php(933): App\Controllers\Home->index()
18 SYSTEMPATH\CodeIgniter.php(507): CodeIgniter\CodeIgniter->runController(Object(App\Controllers\Home))
19 SYSTEMPATH\CodeIgniter.php(354): CodeIgniter\CodeIgniter->handleRequest(null, Object(Config\Cache), false)
20 SYSTEMPATH\Boot.php(334): CodeIgniter\CodeIgniter->run()
21 SYSTEMPATH\Boot.php(67): CodeIgniter\Boot::runCodeIgniter(Object(CodeIgniter\CodeIgniter))
22 FCPATH\index.php(56): CodeIgniter\Boot::bootWeb(Object(Config\Paths))
23 SYSTEMPATH\rewrite.php(44): require_once('C:\\xampp\\htdocs\\lab11_c1\\ci4\\public\\index.php')
